[debug] [2024-11-05T19:23:26.437Z] ----------------------------------------------------------------------
[debug] [2024-11-05T19:23:26.442Z] Command:       C:\Program Files\nodejs\node.exe C:\Users\TA7_57\AppData\Roaming\npm\node_modules\firebase-tools\lib\bin\firebase.js init
[debug] [2024-11-05T19:23:26.442Z] CLI Version:   13.24.0
[debug] [2024-11-05T19:23:26.442Z] Platform:      win32
[debug] [2024-11-05T19:23:26.443Z] Node Version:  v23.1.0
[debug] [2024-11-05T19:23:26.443Z] Time:          Tue Nov 05 2024 21:23:26 GMT+0200 (Eastern European Standard Time)
[debug] [2024-11-05T19:23:26.443Z] ----------------------------------------------------------------------
[debug] 
[debug] [2024-11-05T19:23:26.454Z] > command requires scopes: ["email","openid","https://www.googleapis.com/auth/cloudplatformprojects.readonly","https://www.googleapis.com/auth/firebase","https://www.googleapis.com/auth/cloud-platform"]
[debug] [2024-11-05T19:23:26.454Z] > authorizing via signed-in user (mm7192388@gmail.com)
[info] 
     ######## #### ########  ######## ########     ###     ######  ########
     ##        ##  ##     ## ##       ##     ##  ##   ##  ##       ##
     ######    ##  ########  ######   ########  #########  ######  ######
     ##        ##  ##    ##  ##       ##     ## ##     ##       ## ##
     ##       #### ##     ## ######## ########  ##     ##  ######  ########

You're about to initialize a Firebase project in this directory:

  I:\Web\Alaa

[info] 
=== Project Setup
[info] 
[info] First, let's associate this project directory with a Firebase project.
[info] You can create multiple project aliases by running firebase use --add, 
[info] but for now we'll just set up a default project.
[info] 
[debug] [2024-11-05T19:23:52.774Z] Checked if tokens are valid: true, expires at: 1730838184376
[debug] [2024-11-05T19:23:52.775Z] Checked if tokens are valid: true, expires at: 1730838184376
[debug] [2024-11-05T19:23:52.777Z] >>> [apiv2][query] GET https://firebase.googleapis.com/v1beta1/projects pageSize=100
[debug] [2024-11-05T19:23:53.475Z] <<< [apiv2][status] GET https://firebase.googleapis.com/v1beta1/projects 200
[debug] [2024-11-05T19:23:53.475Z] <<< [apiv2][body] GET https://firebase.googleapis.com/v1beta1/projects [omitted]
[info] i  Using project tah-lunia (TAH-LUNIA) 
[info] 
=== Hosting Setup
[debug] [2024-11-05T19:23:56.941Z] Checked if tokens are valid: true, expires at: 1730838184376
[debug] [2024-11-05T19:23:56.941Z] Checked if tokens are valid: true, expires at: 1730838184376
[debug] [2024-11-05T19:23:56.941Z] >>> [apiv2][query] GET https://firebase.googleapis.com/v1beta1/projects/tah-lunia [none]
[debug] [2024-11-05T19:23:57.223Z] <<< [apiv2][status] GET https://firebase.googleapis.com/v1beta1/projects/tah-lunia 200
[debug] [2024-11-05T19:23:57.224Z] <<< [apiv2][body] GET https://firebase.googleapis.com/v1beta1/projects/tah-lunia {"projectId":"tah-lunia","projectNumber":"482299504675","displayName":"TAH-LUNIA","name":"projects/tah-lunia","resources":{"hostingSite":"tah-lunia"},"state":"ACTIVE","etag":"1_a2008ab5-ede4-44f4-8fdc-68753e7d9f62"}
[info] 
[info] Your public directory is the folder (relative to your project directory) that
[info] will contain Hosting assets to be uploaded with firebase deploy. If you
[info] have a build process for your assets, use your build's output directory.
[info] 
